This file contains any messages produced by compilers while
running configure, to aid debugging if configure makes a mistake.

It was created by configure, which was
generated by GNU Autoconf 2.52.  Invocation command line was

  $ ./configure 

## ---------- ##
## Platform.  ##
## ---------- ##

hostname = webtest.scanit.be
uname -m = i386
uname -r = 4.5-RELEASE-p2
uname -s = FreeBSD
uname -v = FreeBSD 4.5-RELEASE-p2 #0: Fri Mar 22 15:04:41 CET 2002     root@webtest.scanit.be:/usr/obj/usr/src/sys/GENERIC 

/usr/bin/uname -p = i386
/bin/uname -X     = unknown

/bin/arch              = unknown
/usr/bin/arch -k       = unknown
/usr/convex/getsysinfo = unknown
hostinfo               = unknown
/bin/machine           = unknown
/usr/bin/oslevel       = unknown
/bin/universe          = unknown

PATH = /sbin:/bin:/usr/sbin:/usr/bin:/usr/games:/usr/local/sbin:/usr/local/bin:/usr/X11R6/bin:/usr/local/samba/bin:/home/alla/bin

## ------------ ##
## Core tests.  ##
## ------------ ##

configure:950: PATH=".;."; conftest.sh
conftest.sh: not found
configure:953: $? = 127
configure:1005: checking for gcc
configure:1020: found /usr/bin/gcc
configure:1028: result: gcc
configure:1256: checking for C compiler version
configure:1259: gcc --version </dev/null >&5
2.95.3
configure:1262: $? = 0
configure:1264: gcc -v </dev/null >&5
Using builtin specs.
gcc version 2.95.3 20010315 (release) [FreeBSD]
configure:1267: $? = 0
configure:1269: gcc -V </dev/null >&5
gcc: argument to `-V' is missing
configure:1272: $? = 1
configure:1292: checking for C compiler default output
configure:1295: gcc    conftest.c  >&5
configure:1298: $? = 0
configure:1327: result: a.out
configure:1332: checking whether the C compiler works
configure:1338: ./a.out
configure:1341: $? = 0
configure:1356: result: yes
configure:1363: checking whether we are cross compiling
configure:1365: result: no
configure:1368: checking for executable suffix
configure:1370: gcc -o conftest    conftest.c  >&5
configure:1373: $? = 0
configure:1395: result: 
configure:1401: checking for object suffix
configure:1419: gcc -c   conftest.c >&5
configure:1422: $? = 0
configure:1441: result: o
configure:1445: checking whether we are using the GNU C compiler
configure:1466: gcc -c   conftest.c >&5
configure:1469: $? = 0
configure:1472: test -s conftest.o
configure:1475: $? = 0
configure:1487: result: yes
configure:1493: checking whether gcc accepts -g
configure:1511: gcc -c -g  conftest.c >&5
configure:1514: $? = 0
configure:1517: test -s conftest.o
configure:1520: $? = 0
configure:1530: result: yes
configure:1557: gcc -c -g -O2  conftest.c >&5
conftest.c:2: syntax error before `me'
configure:1560: $? = 1
configure: failed program was:
#ifndef __cplusplus
  choke me
#endif
configure:1695: checking for a BSD compatible install
configure:1744: result: /usr/bin/install -c
configure:1755: checking for socket in -lxnet
configure:1782: gcc -o conftest -g -O2   conftest.c -lxnet   >&5
/usr/libexec/elf/ld: cannot find -lxnet
configure:1785: $? = 1
configure: failed program was:
#line 1763 "configure"
#include "confdefs.h"

/* Override any gcc2 internal prototype to avoid an error.  */
#ifdef __cplusplus
extern "C"
#endif
/* We use char because int might match the return type of a gcc2
   builtin and then its argument prototype would still apply.  */
char socket ();
int
main ()
{
socket ();
  ;
  return 0;
}
configure:1802: result: no
configure:1813: checking for socket in -lsocket
configure:1840: gcc -o conftest -g -O2   conftest.c -lsocket   >&5
/usr/libexec/elf/ld: cannot find -lsocket
configure:1843: $? = 1
configure: failed program was:
#line 1821 "configure"
#include "confdefs.h"

/* Override any gcc2 internal prototype to avoid an error.  */
#ifdef __cplusplus
extern "C"
#endif
/* We use char because int might match the return type of a gcc2
   builtin and then its argument prototype would still apply.  */
char socket ();
int
main ()
{
socket ();
  ;
  return 0;
}
configure:1860: result: no
configure:1871: checking for inet_aton in -lresolv
configure:1898: gcc -o conftest -g -O2   conftest.c -lresolv   >&5
/usr/libexec/elf/ld: cannot find -lresolv
configure:1901: $? = 1
configure: failed program was:
#line 1879 "configure"
#include "confdefs.h"

/* Override any gcc2 internal prototype to avoid an error.  */
#ifdef __cplusplus
extern "C"
#endif
/* We use char because int might match the return type of a gcc2
   builtin and then its argument prototype would still apply.  */
char inet_aton ();
int
main ()
{
inet_aton ();
  ;
  return 0;
}
configure:1918: result: no
configure:1934: checking how to run the C preprocessor
configure:1960: gcc -E  conftest.c
configure:1966: $? = 0
configure:1993: gcc -E  conftest.c
configure:1990: ac_nonexistent.h: No such file or directory
configure:1999: $? = 1
configure: failed program was:
#line 1989 "configure"
#include "confdefs.h"
#include <ac_nonexistent.h>
configure:2036: result: gcc -E
configure:2051: gcc -E  conftest.c
configure:2057: $? = 0
configure:2084: gcc -E  conftest.c
configure:2081: ac_nonexistent.h: No such file or directory
configure:2090: $? = 1
configure: failed program was:
#line 2080 "configure"
#include "confdefs.h"
#include <ac_nonexistent.h>
configure:2129: checking for ANSI C header files
configure:2143: gcc -E  conftest.c
configure:2149: $? = 0
configure:2236: gcc -o conftest -g -O2   conftest.c  >&5
configure:2239: $? = 0
configure:2241: ./conftest
configure:2244: $? = 0
configure:2257: result: yes
configure:2270: checking for sys/time.h
configure:2280: gcc -E  conftest.c
configure:2286: $? = 0
configure:2305: result: yes
configure:2318: checking for stdint.h
configure:2328: gcc -E  conftest.c
configure:2325: stdint.h: No such file or directory
configure:2334: $? = 1
configure: failed program was:
#line 2324 "configure"
#include "confdefs.h"
#include <stdint.h>
configure:2353: result: no
configure:2369: checking for sys/types.h
configure:2381: gcc -c -g -O2  conftest.c >&5
configure:2384: $? = 0
configure:2387: test -s conftest.o
configure:2390: $? = 0
configure:2400: result: yes
configure:2369: checking for sys/stat.h
configure:2381: gcc -c -g -O2  conftest.c >&5
configure:2384: $? = 0
configure:2387: test -s conftest.o
configure:2390: $? = 0
configure:2400: result: yes
configure:2369: checking for stdlib.h
configure:2381: gcc -c -g -O2  conftest.c >&5
configure:2384: $? = 0
configure:2387: test -s conftest.o
configure:2390: $? = 0
configure:2400: result: yes
configure:2369: checking for string.h
configure:2381: gcc -c -g -O2  conftest.c >&5
configure:2384: $? = 0
configure:2387: test -s conftest.o
configure:2390: $? = 0
configure:2400: result: yes
configure:2369: checking for memory.h
configure:2381: gcc -c -g -O2  conftest.c >&5
configure:2384: $? = 0
configure:2387: test -s conftest.o
configure:2390: $? = 0
configure:2400: result: yes
configure:2369: checking for strings.h
configure:2381: gcc -c -g -O2  conftest.c >&5
configure:2384: $? = 0
configure:2387: test -s conftest.o
configure:2390: $? = 0
configure:2400: result: yes
configure:2369: checking for inttypes.h
configure:2381: gcc -c -g -O2  conftest.c >&5
configure:2384: $? = 0
configure:2387: test -s conftest.o
configure:2390: $? = 0
configure:2400: result: yes
configure:2369: checking for stdint.h
configure:2400: result: no
configure:2369: checking for unistd.h
configure:2381: gcc -c -g -O2  conftest.c >&5
configure:2384: $? = 0
configure:2387: test -s conftest.o
configure:2390: $? = 0
configure:2400: result: yes
configure:2410: checking for uint8_t
configure:2431: gcc -c -g -O2  conftest.c >&5
configure:2434: $? = 0
configure:2437: test -s conftest.o
configure:2440: $? = 0
configure:2450: result: yes
configure:2509: checking for uint16_t
configure:2530: gcc -c -g -O2  conftest.c >&5
configure:2533: $? = 0
configure:2536: test -s conftest.o
configure:2539: $? = 0
configure:2549: result: yes
configure:2608: checking for uint32_t
configure:2629: gcc -c -g -O2  conftest.c >&5
configure:2632: $? = 0
configure:2635: test -s conftest.o
configure:2638: $? = 0
configure:2648: result: yes
configure:2707: checking for gcc option to accept ANSI C
configure:2764: gcc  -c -g -O2  conftest.c >&5
configure:2767: $? = 0
configure:2770: test -s conftest.o
configure:2773: $? = 0
configure:2790: result: none needed
configure:2798: checking for an ANSI C-conforming const
configure:2862: gcc -c -g -O2  conftest.c >&5
configure:2865: $? = 0
configure:2868: test -s conftest.o
configure:2871: $? = 0
configure:2881: result: yes
configure:2891: checking whether time.h and sys/time.h may both be included
configure:2913: gcc -c -g -O2  conftest.c >&5
configure:2916: $? = 0
configure:2919: test -s conftest.o
configure:2922: $? = 0
configure:2932: result: yes
configure:2945: checking for snprintf
configure:2982: gcc -o conftest -g -O2   conftest.c  >&5
configure:2985: $? = 0
configure:2988: test -s conftest
configure:2991: $? = 0
configure:3001: result: yes
configure:2945: checking for inet_aton
configure:2982: gcc -o conftest -g -O2   conftest.c  >&5
configure:2985: $? = 0
configure:2988: test -s conftest
configure:2991: $? = 0
configure:3001: result: yes
configure:2945: checking for socket
configure:2982: gcc -o conftest -g -O2   conftest.c  >&5
configure:2985: $? = 0
configure:2988: test -s conftest
configure:2991: $? = 0
configure:3001: result: yes
configure:3017: checking build system type
configure:3035: result: i386-unknown-freebsd4.5
configure:3042: checking host system type
configure:3056: result: i386-unknown-freebsd4.5
configure:3063: checking target system type
configure:3077: result: i386-unknown-freebsd4.5
configure:3217: creating ./config.status

## ----------------------- ##
## Running config.status.  ##
## ----------------------- ##

This file was extended by config.status 2.52, executed with
  CONFIG_FILES    = 
  CONFIG_HEADERS  = 
  CONFIG_LINKS    = 
  CONFIG_COMMANDS = 
  > ./config.status 
on webtest.scanit.be

config.status:3658: creating Makefile

## ----------------- ##
## Cache variables.  ##
## ----------------- ##

ac_cv_header_stdlib_h='yes'
ac_cv_header_sys_time_h='yes'
ac_cv_prog_cc_g='yes'
ac_cv_env_LDFLAGS_set=''
ac_cv_path_install='/usr/bin/install -c'
ac_cv_c_compiler_gnu='yes'
ac_cv_env_CFLAGS_set=''
ac_cv_lib_xnet_socket='no'
ac_cv_env_CPP_value=''
ac_cv_env_CPPFLAGS_set=''
ac_cv_func_socket='yes'
ac_cv_func_inet_aton='yes'
ac_cv_func_snprintf='yes'
ac_cv_env_host_alias_set=''
ac_cv_c_const='yes'
ac_cv_lib_socket_socket='no'
ac_cv_header_sys_stat_h='yes'
ac_cv_env_build_alias_set=''
ac_cv_env_LDFLAGS_value=''
ac_cv_env_target_alias_set=''
ac_cv_host_alias='i386-unknown-freebsd4.5'
ac_cv_prog_cc_stdc=''
ac_cv_env_CFLAGS_value=''
ac_cv_env_CC_set=''
ac_cv_header_sys_types_h='yes'
ac_cv_header_stdc='yes'
ac_cv_header_time='yes'
ac_cv_type_uint8_t='yes'
ac_cv_header_strings_h='yes'
ac_cv_header_inttypes_h='yes'
ac_cv_header_stdint_h='no'
ac_cv_build_alias='i386-unknown-freebsd4.5'
ac_cv_header_unistd_h='yes'
ac_cv_header_string_h='yes'
ac_cv_env_CPPFLAGS_value=''
ac_cv_target_alias='i386-unknown-freebsd4.5'
ac_cv_header_memory_h='yes'
ac_cv_host='i386-unknown-freebsd4.5'
ac_cv_env_host_alias_value=''
ac_cv_type_uint32_t='yes'
ac_cv_type_uint16_t='yes'
ac_cv_build='i386-unknown-freebsd4.5'
ac_cv_prog_CPP='gcc -E'
ac_cv_env_build_alias_value=''
ac_cv_prog_ac_ct_CC='gcc'
ac_cv_target='i386-unknown-freebsd4.5'
ac_cv_lib_resolv_inet_aton='no'
ac_cv_env_target_alias_value=''
ac_cv_env_CC_value=''
ac_cv_env_CPP_set=''
ac_cv_objext='o'

## ------------ ##
## confdefs.h.  ##
## ------------ ##

#define STDC_HEADERS 1
#define HAVE_SYS_TIME_H 1
#define HAVE_SYS_TYPES_H 1
#define HAVE_SYS_STAT_H 1
#define HAVE_STDLIB_H 1
#define HAVE_STRING_H 1
#define HAVE_MEMORY_H 1
#define HAVE_STRINGS_H 1
#define HAVE_INTTYPES_H 1
#define HAVE_UNISTD_H 1
#define my_uint8_t uint8_t
#define my_uint16_t uint16_t
#define my_uint32_t uint32_t
#define TIME_WITH_SYS_TIME 1
#define HAVE_SNPRINTF 1
#define HAVE_INET_ATON 1
#define HAVE_SOCKET 1
#define UNIX 1


configure: exit 0
